<?xml version="1.0" encoding="UTF-8" ?>
<testsuite failures="0" time="3.972" errors="0" skipped="0" tests="2" name="net.masterthought.movie.MovieTest">
  <properties>
    <property name="java.runtime.name" value="Java(TM) SE Runtime Environment"/>
    <property name="sun.boot.library.path" value="/System/Library/Java/JavaVirtualMachines/1.6.0.jdk/Contents/Libraries"/>
    <property name="java.vm.version" value="20.6-b01-415"/>
    <property name="awt.nativeDoubleBuffering" value="true"/>
    <property name="gopherProxySet" value="false"/>
    <property name="mrj.build" value="11M3646"/>
    <property name="java.vm.vendor" value="Apple Inc."/>
    <property name="java.vendor.url" value="http://www.apple.com/"/>
    <property name="path.separator" value=":"/>
    <property name="java.vm.name" value="Java HotSpot(TM) 64-Bit Server VM"/>
    <property name="file.encoding.pkg" value="sun.io"/>
    <property name="user.country" value="US"/>
    <property name="sun.java.launcher" value="SUN_STANDARD"/>
    <property name="sun.os.patch.level" value="unknown"/>
    <property name="java.vm.specification.name" value="Java Virtual Machine Specification"/>
    <property name="user.dir" value="/Users/kostasmamalis/moviebase/moviebasemvn/moviebase"/>
    <property name="java.runtime.version" value="1.6.0_31-b04-415-11M3646"/>
    <property name="java.awt.graphicsenv" value="apple.awt.CGraphicsEnvironment"/>
    <property name="basedir" value="/Users/kostasmamalis/moviebase/moviebasemvn/moviebase"/>
    <property name="java.endorsed.dirs" value="/System/Library/Java/JavaVirtualMachines/1.6.0.jdk/Contents/Home/lib/endorsed"/>
    <property name="os.arch" value="x86_64"/>
    <property name="surefire.real.class.path" value="/Users/kostasmamalis/moviebase/moviebasemvn/moviebase/target/surefire/surefirebooter4155253519482143437.jar"/>
    <property name="java.io.tmpdir" value="/var/folders/kh/l3lkjk4j0nz5ywfwv04swks40000gn/T/"/>
    <property name="line.separator" value="
"/>
    <property name="java.vm.specification.vendor" value="Sun Microsystems Inc."/>
    <property name="os.name" value="Mac OS X"/>
    <property name="sun.jnu.encoding" value="MacRoman"/>
    <property name="java.library.path" value="/Applications/IntelliJ IDEA 11.app/Contents/Resources/Java:/System/Library/PrivateFrameworks/JavaApplicationLauncher.framework/Resources:.:/Library/Java/Extensions:/System/Library/Java/Extensions:/usr/lib/java"/>
    <property name="surefire.test.class.path" value="/Users/kostasmamalis/moviebase/moviebasemvn/moviebase/target/test-classes:/Users/kostasmamalis/moviebase/moviebasemvn/moviebase/target/classes:/Users/kostasmamalis/.m2/repository/com/sun/faces/jsf-api/2.1.7/jsf-api-2.1.7.jar:/Users/kostasmamalis/.m2/repository/com/sun/faces/jsf-impl/2.1.7/jsf-impl-2.1.7.jar:/Users/kostasmamalis/.m2/repository/javax/servlet/jstl/1.2/jstl-1.2.jar:/Users/kostasmamalis/.m2/repository/javax/servlet/servlet-api/2.5/servlet-api-2.5.jar:/Users/kostasmamalis/.m2/repository/javax/servlet/jsp/jsp-api/2.1/jsp-api-2.1.jar:/Users/kostasmamalis/.m2/repository/junit/junit/4.10/junit-4.10.jar:/Users/kostasmamalis/.m2/repository/org/hamcrest/hamcrest-core/1.1/hamcrest-core-1.1.jar:/Users/kostasmamalis/.m2/repository/org/restlet/jee/org.restlet/2.0.1/org.restlet-2.0.1.jar:/Users/kostasmamalis/.m2/repository/org/osgi/org.osgi.core/4.0.0/org.osgi.core-4.0.0.jar:/Users/kostasmamalis/.m2/repository/com/freebase/freebase-java/1.0.0/freebase-java-1.0.0.jar:/Users/kostasmamalis/.m2/repository/org/apache/httpcomponents/httpclient/4.0.1/httpclient-4.0.1.jar:/Users/kostasmamalis/.m2/repository/org/apache/httpcomponents/httpcore/4.0.1/httpcore-4.0.1.jar:/Users/kostasmamalis/.m2/repository/commons-codec/commons-codec/1.3/commons-codec-1.3.jar:/Users/kostasmamalis/.m2/repository/com/googlecode/json-simple/json-simple/1.1/json-simple-1.1.jar:/Users/kostasmamalis/.m2/repository/org/slf4j/slf4j-api/1.5.10/slf4j-api-1.5.10.jar:/Users/kostasmamalis/.m2/repository/commons-logging/commons-logging/1.1.1/commons-logging-1.1.1.jar:/Users/kostasmamalis/.m2/repository/org/slf4j/slf4j-log4j12/1.6.4/slf4j-log4j12-1.6.4.jar:/Users/kostasmamalis/.m2/repository/log4j/log4j/1.2.16/log4j-1.2.16.jar:"/>
    <property name="java.specification.name" value="Java Platform API Specification"/>
    <property name="java.class.version" value="50.0"/>
    <property name="sun.management.compiler" value="HotSpot 64-Bit Tiered Compilers"/>
    <property name="os.version" value="10.7.4"/>
    <property name="http.nonProxyHosts" value="local|*.local|169.254/16|*.169.254/16"/>
    <property name="user.home" value="/Users/kostasmamalis"/>
    <property name="user.timezone" value="Europe/London"/>
    <property name="java.awt.printerjob" value="apple.awt.CPrinterJob"/>
    <property name="java.specification.version" value="1.6"/>
    <property name="file.encoding" value="MacRoman"/>
    <property name="user.name" value="kostasmamalis"/>
    <property name="java.class.path" value="/Users/kostasmamalis/moviebase/moviebasemvn/moviebase/target/test-classes:/Users/kostasmamalis/moviebase/moviebasemvn/moviebase/target/classes:/Users/kostasmamalis/.m2/repository/com/sun/faces/jsf-api/2.1.7/jsf-api-2.1.7.jar:/Users/kostasmamalis/.m2/repository/com/sun/faces/jsf-impl/2.1.7/jsf-impl-2.1.7.jar:/Users/kostasmamalis/.m2/repository/javax/servlet/jstl/1.2/jstl-1.2.jar:/Users/kostasmamalis/.m2/repository/javax/servlet/servlet-api/2.5/servlet-api-2.5.jar:/Users/kostasmamalis/.m2/repository/javax/servlet/jsp/jsp-api/2.1/jsp-api-2.1.jar:/Users/kostasmamalis/.m2/repository/junit/junit/4.10/junit-4.10.jar:/Users/kostasmamalis/.m2/repository/org/hamcrest/hamcrest-core/1.1/hamcrest-core-1.1.jar:/Users/kostasmamalis/.m2/repository/org/restlet/jee/org.restlet/2.0.1/org.restlet-2.0.1.jar:/Users/kostasmamalis/.m2/repository/org/osgi/org.osgi.core/4.0.0/org.osgi.core-4.0.0.jar:/Users/kostasmamalis/.m2/repository/com/freebase/freebase-java/1.0.0/freebase-java-1.0.0.jar:/Users/kostasmamalis/.m2/repository/org/apache/httpcomponents/httpclient/4.0.1/httpclient-4.0.1.jar:/Users/kostasmamalis/.m2/repository/org/apache/httpcomponents/httpcore/4.0.1/httpcore-4.0.1.jar:/Users/kostasmamalis/.m2/repository/commons-codec/commons-codec/1.3/commons-codec-1.3.jar:/Users/kostasmamalis/.m2/repository/com/googlecode/json-simple/json-simple/1.1/json-simple-1.1.jar:/Users/kostasmamalis/.m2/repository/org/slf4j/slf4j-api/1.5.10/slf4j-api-1.5.10.jar:/Users/kostasmamalis/.m2/repository/commons-logging/commons-logging/1.1.1/commons-logging-1.1.1.jar:/Users/kostasmamalis/.m2/repository/org/slf4j/slf4j-log4j12/1.6.4/slf4j-log4j12-1.6.4.jar:/Users/kostasmamalis/.m2/repository/log4j/log4j/1.2.16/log4j-1.2.16.jar:"/>
    <property name="java.vm.specification.version" value="1.0"/>
    <property name="sun.arch.data.model" value="64"/>
    <property name="java.home" value="/System/Library/Java/JavaVirtualMachines/1.6.0.jdk/Contents/Home"/>
    <property name="sun.java.command" value="/Users/kostasmamalis/moviebase/moviebasemvn/moviebase/target/surefire/surefirebooter4155253519482143437.jar /Users/kostasmamalis/moviebase/moviebasemvn/moviebase/target/surefire/surefire3240934767770249823tmp /Users/kostasmamalis/moviebase/moviebasemvn/moviebase/target/surefire/surefire7781030214927618717tmp"/>
    <property name="java.specification.vendor" value="Sun Microsystems Inc."/>
    <property name="user.language" value="en"/>
    <property name="awt.toolkit" value="apple.awt.CToolkit"/>
    <property name="java.vm.info" value="mixed mode"/>
    <property name="java.version" value="1.6.0_31"/>
    <property name="java.ext.dirs" value="/Library/Java/Extensions:/System/Library/Java/Extensions:/System/Library/Java/JavaVirtualMachines/1.6.0.jdk/Contents/Home/lib/ext"/>
    <property name="sun.boot.class.path" value="/System/Library/Java/JavaVirtualMachines/1.6.0.jdk/Contents/Classes/jsfd.jar:/System/Library/Java/JavaVirtualMachines/1.6.0.jdk/Contents/Classes/classes.jar:/System/Library/Frameworks/JavaVM.framework/Frameworks/JavaRuntimeSupport.framework/Resources/Java/JavaRuntimeSupport.jar:/System/Library/Java/JavaVirtualMachines/1.6.0.jdk/Contents/Classes/ui.jar:/System/Library/Java/JavaVirtualMachines/1.6.0.jdk/Contents/Classes/laf.jar:/System/Library/Java/JavaVirtualMachines/1.6.0.jdk/Contents/Classes/sunrsasign.jar:/System/Library/Java/JavaVirtualMachines/1.6.0.jdk/Contents/Classes/jsse.jar:/System/Library/Java/JavaVirtualMachines/1.6.0.jdk/Contents/Classes/jce.jar:/System/Library/Java/JavaVirtualMachines/1.6.0.jdk/Contents/Classes/charsets.jar"/>
    <property name="java.vendor" value="Apple Inc."/>
    <property name="localRepository" value="/Users/kostasmamalis/.m2/repository"/>
    <property name="file.separator" value="/"/>
    <property name="java.vendor.url.bug" value="http://bugreport.apple.com/"/>
    <property name="sun.cpu.endian" value="little"/>
    <property name="sun.io.unicode.encoding" value="UnicodeLittle"/>
    <property name="mrj.version" value="1070.1.6.0_31-415"/>
    <property name="socksNonProxyHosts" value="local|*.local|169.254/16|*.169.254/16"/>
    <property name="ftp.nonProxyHosts" value="local|*.local|169.254/16|*.169.254/16"/>
    <property name="sun.cpu.isalist" value=""/>
  </properties>
  <testcase time="3.324" classname="net.masterthought.movie.MovieTest" name="should_set_all_elements_of_movie"/>
  <testcase time="0.595" classname="net.masterthought.movie.MovieTest" name="should_receive_null_for_non_existing_movie"/>
</testsuite>